<?xml version="1.0" encoding="UTF-8"?>
<testsuite name="SUT.IST012m.Tarasenko.LR2_2.Lr22ApplicationTests" tests="1" skipped="0" failures="0" errors="0" timestamp="2020-10-09T12:15:11" hostname="MSI" time="0.356">
  <properties/>
  <testcase name="contextLoads()" classname="SUT.IST012m.Tarasenko.LR2_2.Lr22ApplicationTests" time="0.356"/>
  <system-out><![CDATA[15:15:10.898 [Test worker] DEBUG org.springframework.test.context.BootstrapUtils - Instantiating CacheAwareContextLoaderDelegate from class [org.springframework.test.context.cache.DefaultCacheAwareContextLoaderDelegate]
15:15:10.913 [Test worker] DEBUG org.springframework.test.context.BootstrapUtils - Instantiating BootstrapContext using constructor [public org.springframework.test.context.support.DefaultBootstrapContext(java.lang.Class,org.springframework.test.context.CacheAwareContextLoaderDelegate)]
15:15:10.937 [Test worker] DEBUG org.springframework.test.context.BootstrapUtils - Instantiating TestContextBootstrapper for test class [SUT.IST012m.Tarasenko.LR2_2.Lr22ApplicationTests] from class [org.springframework.boot.test.context.SpringBootTestContextBootstrapper]
15:15:10.950 [Test worker] INFO org.springframework.boot.test.context.SpringBootTestContextBootstrapper - Neither @ContextConfiguration nor @ContextHierarchy found for test class [SUT.IST012m.Tarasenko.LR2_2.Lr22ApplicationTests], using SpringBootContextLoader
15:15:10.954 [Test worker] DEBUG org.springframework.test.context.support.AbstractContextLoader - Did not detect default resource location for test class [SUT.IST012m.Tarasenko.LR2_2.Lr22ApplicationTests]: class path resource [SUT/IST012m/Tarasenko/LR2_2/Lr22ApplicationTests-context.xml] does not exist
15:15:10.955 [Test worker] DEBUG org.springframework.test.context.support.AbstractContextLoader - Did not detect default resource location for test class [SUT.IST012m.Tarasenko.LR2_2.Lr22ApplicationTests]: class path resource [SUT/IST012m/Tarasenko/LR2_2/Lr22ApplicationTestsContext.groovy] does not exist
15:15:10.955 [Test worker] INFO org.springframework.test.context.support.AbstractContextLoader - Could not detect default resource locations for test class [SUT.IST012m.Tarasenko.LR2_2.Lr22ApplicationTests]: no resource found for suffixes {-context.xml, Context.groovy}.
15:15:10.956 [Test worker] INFO org.springframework.test.context.support.AnnotationConfigContextLoaderUtils - Could not detect default configuration classes for test class [SUT.IST012m.Tarasenko.LR2_2.Lr22ApplicationTests]: Lr22ApplicationTests does not declare any static, non-private, non-final, nested classes annotated with @Configuration.
15:15:10.989 [Test worker] DEBUG org.springframework.test.context.support.ActiveProfilesUtils - Could not find an 'annotation declaring class' for annotation type [org.springframework.test.context.ActiveProfiles] and class [SUT.IST012m.Tarasenko.LR2_2.Lr22ApplicationTests]
15:15:11.047 [Test worker] DEBUG org.springframework.context.annotation.ClassPathScanningCandidateComponentProvider - Identified candidate component class: file [C:\Users\MSI P65\Desktop\Бонч\м_1_1\АОП\LR2\LR2_2\build\classes\java\main\SUT\IST012m\Tarasenko\LR2_2\Lr22Application.class]
15:15:11.048 [Test worker] INFO org.springframework.boot.test.context.SpringBootTestContextBootstrapper - Found @SpringBootConfiguration SUT.IST012m.Tarasenko.LR2_2.Lr22Application for test class SUT.IST012m.Tarasenko.LR2_2.Lr22ApplicationTests
15:15:11.142 [Test worker] DEBUG org.springframework.boot.test.context.SpringBootTestContextBootstrapper - @TestExecutionListeners is not present for class [SUT.IST012m.Tarasenko.LR2_2.Lr22ApplicationTests]: using defaults.
15:15:11.142 [Test worker] INFO org.springframework.boot.test.context.SpringBootTestContextBootstrapper - Loaded default TestExecutionListener class names from location [META-INF/spring.factories]: [org.springframework.boot.test.autoconfigure.restdocs.RestDocsTestExecutionListener, org.springframework.boot.test.autoconfigure.web.client.MockRestServiceServerResetTestExecutionListener, org.springframework.boot.test.autoconfigure.web.servlet.MockMvcPrintOnlyOnFailureTestExecutionListener, org.springframework.boot.test.autoconfigure.web.servlet.WebDriverTestExecutionListener, org.springframework.boot.test.autoconfigure.webservices.client.MockWebServiceServerTestExecutionListener, org.springframework.boot.test.mock.mockito.MockitoTestExecutionListener, org.springframework.boot.test.mock.mockito.ResetMocksTestExecutionListener, org.springframework.test.context.web.ServletTestExecutionListener, org.springframework.test.context.support.DirtiesContextBeforeModesTestExecutionListener, org.springframework.test.context.support.DependencyInjectionTestExecutionListener, org.springframework.test.context.support.DirtiesContextTestExecutionListener, org.springframework.test.context.transaction.TransactionalTestExecutionListener, org.springframework.test.context.jdbc.SqlScriptsTestExecutionListener, org.springframework.test.context.event.EventPublishingTestExecutionListener]
15:15:11.154 [Test worker] DEBUG org.springframework.boot.test.context.SpringBootTestContextBootstrapper - Skipping candidate TestExecutionListener [org.springframework.test.context.web.ServletTestExecutionListener] due to a missing dependency. Specify custom listener classes or make the default listener classes and their required dependencies available. Offending class: [javax/servlet/ServletContext]
15:15:11.155 [Test worker] DEBUG org.springframework.boot.test.context.SpringBootTestContextBootstrapper - Skipping candidate TestExecutionListener [org.springframework.test.context.transaction.TransactionalTestExecutionListener] due to a missing dependency. Specify custom listener classes or make the default listener classes and their required dependencies available. Offending class: [org/springframework/transaction/interceptor/TransactionAttributeSource]
15:15:11.156 [Test worker] DEBUG org.springframework.boot.test.context.SpringBootTestContextBootstrapper - Skipping candidate TestExecutionListener [org.springframework.test.context.jdbc.SqlScriptsTestExecutionListener] due to a missing dependency. Specify custom listener classes or make the default listener classes and their required dependencies available. Offending class: [org/springframework/transaction/interceptor/TransactionAttribute]
15:15:11.156 [Test worker] INFO org.springframework.boot.test.context.SpringBootTestContextBootstrapper - Using TestExecutionListeners: [org.springframework.test.context.support.DirtiesContextBeforeModesTestExecutionListener@7a4d79bc, org.springframework.boot.test.mock.mockito.MockitoTestExecutionListener@2f9f3c66, org.springframework.boot.test.autoconfigure.SpringBootDependencyInjectionTestExecutionListener@3536b161, org.springframework.test.context.support.DirtiesContextTestExecutionListener@381c1c0e, org.springframework.test.context.event.EventPublishingTestExecutionListener@298d1228, org.springframework.boot.test.autoconfigure.restdocs.RestDocsTestExecutionListener@7f277773, org.springframework.boot.test.autoconfigure.web.client.MockRestServiceServerResetTestExecutionListener@7f9a7c4f, org.springframework.boot.test.autoconfigure.web.servlet.MockMvcPrintOnlyOnFailureTestExecutionListener@273ee3de, org.springframework.boot.test.autoconfigure.web.servlet.WebDriverTestExecutionListener@66e3a943, org.springframework.boot.test.autoconfigure.webservices.client.MockWebServiceServerTestExecutionListener@223bc603, org.springframework.boot.test.mock.mockito.ResetMocksTestExecutionListener@eefae0f]
15:15:11.160 [Test worker] DEBUG org.springframework.test.context.support.AbstractDirtiesContextTestExecutionListener - Before test class: context [DefaultTestContext@583efe9 testClass = Lr22ApplicationTests, testInstance = [null], testMethod = [null], testException = [null], mergedContextConfiguration = [MergedContextConfiguration@453449aa testClass = Lr22ApplicationTests, locations = '{}', classes = '{class SUT.IST012m.Tarasenko.LR2_2.Lr22Application}', contextInitializerClasses = '[]', activeProfiles = '{}', propertySourceLocations = '{}', propertySourceProperties = '{org.springframework.boot.test.context.SpringBootTestContextBootstrapper=true}', contextCustomizers = set[org.springframework.boot.test.autoconfigure.properties.PropertyMappingContextCustomizer@0, org.springframework.boot.test.autoconfigure.web.servlet.WebDriverContextCustomizerFactory$Customizer@221f2488, org.springframework.boot.test.context.filter.ExcludeFilterContextCustomizer@25ae46db, org.springframework.boot.test.json.DuplicateJsonObjectContextCustomizerFactory$DuplicateJsonObjectContextCustomizer@9a82f0b, org.springframework.boot.test.mock.mockito.MockitoContextCustomizer@0, org.springframework.boot.test.web.client.TestRestTemplateContextCustomizer@12970c4c, org.springframework.boot.test.context.SpringBootTestArgs@1], contextLoader = 'org.springframework.boot.test.context.SpringBootContextLoader', parent = [null]], attributes = map[[empty]]], class annotated with @DirtiesContext [false] with mode [null].
15:15:11.170 [Test worker] DEBUG org.springframework.test.context.support.DependencyInjectionTestExecutionListener - Performing dependency injection for test context [[DefaultTestContext@583efe9 testClass = Lr22ApplicationTests, testInstance = SUT.IST012m.Tarasenko.LR2_2.Lr22ApplicationTests@34968c47, testMethod = [null], testException = [null], mergedContextConfiguration = [MergedContextConfiguration@453449aa testClass = Lr22ApplicationTests, locations = '{}', classes = '{class SUT.IST012m.Tarasenko.LR2_2.Lr22Application}', contextInitializerClasses = '[]', activeProfiles = '{}', propertySourceLocations = '{}', propertySourceProperties = '{org.springframework.boot.test.context.SpringBootTestContextBootstrapper=true}', contextCustomizers = set[org.springframework.boot.test.autoconfigure.properties.PropertyMappingContextCustomizer@0, org.springframework.boot.test.autoconfigure.web.servlet.WebDriverContextCustomizerFactory$Customizer@221f2488, org.springframework.boot.test.context.filter.ExcludeFilterContextCustomizer@25ae46db, org.springframework.boot.test.json.DuplicateJsonObjectContextCustomizerFactory$DuplicateJsonObjectContextCustomizer@9a82f0b, org.springframework.boot.test.mock.mockito.MockitoContextCustomizer@0, org.springframework.boot.test.web.client.TestRestTemplateContextCustomizer@12970c4c, org.springframework.boot.test.context.SpringBootTestArgs@1], contextLoader = 'org.springframework.boot.test.context.SpringBootContextLoader', parent = [null]], attributes = map[[empty]]]].
15:15:11.189 [Test worker] DEBUG org.springframework.test.context.support.TestPropertySourceUtils - Adding inlined properties to environment: {spring.jmx.enabled=false, org.springframework.boot.test.context.SpringBootTestContextBootstrapper=true}

  .   ____          _            __ _ _
 /\\ / ___'_ __ _ _(_)_ __  __ _ \ \ \ \
( ( )\___ | '_ | '_| | '_ \/ _` | \ \ \ \
 \\/  ___)| |_)| | | | | || (_| |  ) ) ) )
  '  |____| .__|_| |_|_| |_\__, | / / / /
 =========|_|==============|___/=/_/_/_/
 :: Spring Boot ::        (v2.3.4.RELEASE)

2020-10-09 15:15:11.400  INFO 19224 --- [    Test worker] S.I.T.LR2_2.Lr22ApplicationTests         : Starting Lr22ApplicationTests on MSI with PID 19224 (started by MSI P65 in C:\Users\MSI P65\Desktop\Бонч\м_1_1\АОП\LR2\LR2_2)
2020-10-09 15:15:11.401  INFO 19224 --- [    Test worker] S.I.T.LR2_2.Lr22ApplicationTests         : No active profile set, falling back to default profiles: default
2020-10-09 15:15:11.767  INFO 19224 --- [    Test worker] S.I.T.LR2_2.Lr22ApplicationTests         : Started Lr22ApplicationTests in 0.575 seconds (JVM running for 1.5)
]]></system-out>
  <system-err><![CDATA[]]></system-err>
</testsuite>
